[
  {
    "id": "relayer_001_types",
    "status": "fail",
    "created_at": "2026-01-28T07:24:38.196007554Z",
    "updated_at": "2026-01-28T07:27:50.364849002Z",
    "error": "Build failed for cargo check:\nBuild failed after generating files:\n\nFiles generated:\nsrc/types.rs\n\nBuild output:\n\nerror: rustup could not choose a version of cargo to run, because one wasn't specified explicitly, and no default is configured.\nhelp: run 'rustup default stable' to download the latest stable release of Rust and set it as your default toolchain.\n"
  },
  {
    "id": "relayer_002_config",
    "status": "fail",
    "created_at": "2026-01-28T07:24:38.196011071Z",
    "updated_at": "2026-01-28T07:28:23.144095844Z",
    "error": "Build failed for cargo check:\nBuild failed after generating files:\n\nFiles generated:\nsrc/config.rs\n\nBuild output:\n\nerror: rustup could not choose a version of cargo to run, because one wasn't specified explicitly, and no default is configured.\nhelp: run 'rustup default stable' to download the latest stable release of Rust and set it as your default toolchain.\n"
  },
  {
    "id": "relayer_003_db_models",
    "status": "fail",
    "created_at": "2026-01-28T07:24:38.196013175Z",
    "updated_at": "2026-01-28T07:28:36.840737345Z",
    "error": "Build failed for cargo check:\nBuild failed after generating files:\n\nFiles generated:\nsrc/db/models.rs\n\nBuild output:\n\nerror: rustup could not choose a version of cargo to run, because one wasn't specified explicitly, and no default is configured.\nhelp: run 'rustup default stable' to download the latest stable release of Rust and set it as your default toolchain.\n"
  },
  {
    "id": "relayer_004_db_mod",
    "status": "fail",
    "created_at": "2026-01-28T07:24:38.196015048Z",
    "updated_at": "2026-01-28T07:29:21.045987514Z",
    "error": "Build failed for cargo check:\nBuild failed after generating files:\n\nFiles generated:\nsrc/db/mod.rs\n\nBuild output:\n\nerror: rustup could not choose a version of cargo to run, because one wasn't specified explicitly, and no default is configured.\nhelp: run 'rustup default stable' to download the latest stable release of Rust and set it as your default toolchain.\n"
  },
  {
    "id": "relayer_005_watchers_mod",
    "status": "fail",
    "created_at": "2026-01-28T07:24:38.196017323Z",
    "updated_at": "2026-01-28T07:29:34.455092433Z",
    "error": "Build failed for cargo check:\nBuild failed after generating files:\n\nFiles generated:\nsrc/watchers/mod.rs\n\nBuild output:\n\nerror: rustup could not choose a version of cargo to run, because one wasn't specified explicitly, and no default is configured.\nhelp: run 'rustup default stable' to download the latest stable release of Rust and set it as your default toolchain.\n"
  },
  {
    "id": "relayer_006_watchers_evm",
    "status": "fail",
    "created_at": "2026-01-28T07:24:38.196019276Z",
    "updated_at": "2026-01-28T07:29:58.442316958Z",
    "error": "Build failed for cargo check:\nBuild failed after generating files:\n\nFiles generated:\nsrc/watchers/evm.rs\n\nBuild output:\n\nerror: rustup could not choose a version of cargo to run, because one wasn't specified explicitly, and no default is configured.\nhelp: run 'rustup default stable' to download the latest stable release of Rust and set it as your default toolchain.\n"
  },
  {
    "id": "relayer_007_watchers_terra",
    "status": "fail",
    "created_at": "2026-01-28T07:24:38.196021180Z",
    "updated_at": "2026-01-28T07:30:31.413882037Z",
    "error": "Build failed for cargo check:\nBuild failed after generating files:\n\nFiles generated:\nsrc/watchers/terra.rs\n\nBuild output:\n\nerror: rustup could not choose a version of cargo to run, because one wasn't specified explicitly, and no default is configured.\nhelp: run 'rustup default stable' to download the latest stable release of Rust and set it as your default toolchain.\n"
  },
  {
    "id": "relayer_008_writers_mod",
    "status": "fail",
    "created_at": "2026-01-28T07:24:38.196023194Z",
    "updated_at": "2026-01-28T07:30:43.800805901Z",
    "error": "Build failed for cargo check:\nBuild failed after generating files:\n\nFiles generated:\nsrc/writers/mod.rs\n\nBuild output:\n\nerror: rustup could not choose a version of cargo to run, because one wasn't specified explicitly, and no default is configured.\nhelp: run 'rustup default stable' to download the latest stable release of Rust and set it as your default toolchain.\n"
  },
  {
    "id": "relayer_009_writers_evm",
    "status": "created",
    "created_at": "2026-01-28T08:03:41.790778204Z",
    "updated_at": "2026-01-28T08:03:41.790778204Z"
  },
  {
    "id": "relayer_009a_writers_evm_struct",
    "status": "pending_work",
    "created_at": "2026-01-28T07:41:32.956972494Z",
    "updated_at": "2026-01-28T07:41:39.231095631Z"
  },
  {
    "id": "relayer_010_writers_terra",
    "status": "created",
    "created_at": "2026-01-28T08:03:41.790781129Z",
    "updated_at": "2026-01-28T08:03:41.790781129Z"
  },
  {
    "id": "relayer_010a_writers_terra_struct",
    "status": "pending_work",
    "created_at": "2026-01-28T07:41:32.956974728Z",
    "updated_at": "2026-01-28T07:43:23.126788634Z"
  },
  {
    "id": "relayer_011_main",
    "status": "fail",
    "created_at": "2026-01-28T07:24:38.196029586Z",
    "updated_at": "2026-01-28T07:39:38.638290884Z",
    "error": "Build failed for cargo check:\nBuild failed after generating files:\n\nFiles generated:\nsrc/main.rs\n\nBuild output:\n\n    Updating crates.io index\n     Locking 552 packages to latest compatible versions\n      Adding alloy v0.1.4 (available: v1.5.2)\n      Adding config v0.14.1 (available: v0.15.19)\n      Adding cosmrs v0.16.0 (available: v0.22.0)\n      Adding cosmwasm-std v1.5.11 (available: v3.0.2)\n      Adding crypto-common v0.1.6 (available: v0.1.7)\n      Adding curve25519-dalek v3.2.0 (available: v3.2.1)\n      Adding sqlx v0.7.4 (available: v0.8.6)\n      Adding tendermint-rpc v0.35.0 (available: v0.40.4)\n      Adding thiserror v1.0.69 (available: v2.0.18)\n Downloading crates ...\n  Downloaded crc-catalog v2.4.0\n  Downloaded alloy-chains v0.1.69\n  Downloaded ahash v0.7.8\n  Downloaded crossbeam-queue v0.3.12\n  Downloaded crunchy v0.2.4\n  Downloaded cosmwasm-derive v1.5.11\n  Downloaded alloy-core v0.7.7\n  Downloaded alloy-contract v0.1.4\n  Downloaded alloy-consensus v0.1.4\n  Downloaded ahash v0.8.12\n  Downloaded allocator-api2 v0.2.21\n  Downloaded alloy v0.1.4\n  Downloaded crc v3.4.0\n  Downloaded alloy-serde v0.1.4\n  Downloaded ark-ff-macros v0.4.2\n  Downloaded alloy-transport-ws v0.1.4\n  Downloaded cpufeatures v0.2.17\n  Downloaded alloy-json-rpc v0.1.4\n  Downloaded alloy-sol-macro v0.7.7\n  Downloaded ark-ff-asm v0.5.0\n  Downloaded alloy-sol-macro-expander v0.7.7\n  Downloaded crossbeam-utils v0.8.21\n  Downloaded anyhow v1.0.100\n  Downloaded alloy-transport-http v0.1.4\n  Downloaded alloy-pubsub v0.1.4\n  Downloaded alloy-rpc-client v0.1.4\n  Downloaded ark-ff-macros v0.5.0\n  Downloaded alloy-signer v0.1.4\n  Downloaded alloy-transport-ipc v0.1.4\n  Downloaded alloy-rpc-types-engine v0.1.4\n  Downloaded alloy-rlp v0.3.12\n  Downloaded alloy-sol-types v0.7.7\n  Downloaded ark-ff-macros v0.3.0\n  Downloaded ark-ff-asm v0.3.0\n  Downloaded alloy-rlp-derive v0.3.12\n  Downloaded alloy-transport v0.1.4\n  Downloaded alloy-sol-type-parser v0.7.7\n  Downloaded alloy-sol-macro-input v0.7.7\n  Downloaded alloy-rpc-types v0.1.4\n  Downloaded ark-ff-asm v0.4.2\n  Downloaded ark-serialize v0.4.2\n  Downloaded arraydeque v0.5.1\n  Downloaded alloy-signer-local v0.1.4\n  Downloaded alloy-rpc-types-eth v0.1.4\n  Downloaded alloy-provider v0.1.4\n  Downloaded alloy-json-abi v0.7.7\n  Downloaded alloy-dyn-abi v0.7.7\n  Downloaded ark-serialize v0.3.0\n  Downloaded ark-ff v0.3.0\n  Downloaded alloy-network v0.1.4\n  Downloaded cfg-if v1.0.4\n  Downloaded block-buffer v0.9.0\n  Downloaded ark-serialize v0.5.0\n  Downloaded dyn-clone v1.0.20\n  Downloaded dunce v1.0.5\n  Downloaded data-encoding v2.10.0\n  Downloaded dlv-list v0.5.2\n  Downloaded dashmap v5.5.3\n  Downloaded ecdsa v0.16.9\n  Downloaded derive_more v0.99.20\n  Downloaded displaydoc v0.2.5\n  Downloaded crypto-common v0.1.6\n  Downloaded dotenvy v0.15.7\n  Downloaded digest v0.10.7\n  Downloaded digest v0.9.0\n  Downloaded deranged v0.5.5\n  Downloaded bitflags v2.10.0\n  Downloaded ed25519 v2.2.3\n  Downloaded base64ct v1.8.3\n  Downloaded doctest-file v1.0.0\n  Downloaded async-stream-impl v0.3.6\n  Downloaded const-hex v1.17.0\n  Downloaded bs58 v0.5.1\n  Downloaded crypto-bigint v0.5.5\n  Downloaded fastrand v2.3.0\n  Downloaded ff v0.13.1\n  Downloaded block-buffer v0.10.4\n  Downloaded ark-std v0.3.0\n  Downloaded errno v0.3.14\n  Downloaded equivalent v1.0.2\n  Downloaded event-listener v2.5.3\n  Downloaded enum-ordinalize-derive v4.3.2\n  Downloaded enum-ordinalize v4.3.2\n  Downloaded bit-set v0.8.0\n  Downloaded const-random-macro v0.1.16\n  Downloaded aho-corasick v1.1.4\n  Downloaded educe v0.6.0\n  Downloaded fastrlp v0.3.1\n  Downloaded either v1.15.0\n  Downloaded ed25519-consensus v2.1.0\n  Downloaded async-trait v0.1.89\n  Downloaded const_format_proc_macros v0.2.34\n  Downloaded ed25519-zebra v3.1.0\n  Downloaded eyre v0.6.12\n  Downloaded form_urlencoded v1.2.2\n  Downloaded bech32 v0.9.1\n  Downloaded convert_case v0.4.0\n  Downloaded byte-slice-cast v1.2.3\n  Downloaded funty v2.0.0\n  Downloaded foreign-types-shared v0.1.1\n  Downloaded atomic-waker v1.1.2\n  Downloaded base16ct v0.2.0\n  Downloaded fixed-hash v0.8.0\n  Downloaded byteorder v1.5.0\n  Downloaded bigdecimal v0.3.1\n  Downloaded atoi v2.0.0\n  Downloaded bimap v0.6.3\n  Downloaded cosmwasm-crypto v1.5.11\n  Downloaded bip32 v0.5.3\n  Downloaded foreign-types v0.3.2\n  Downloaded convert_case v0.6.0\n  Downloaded autocfg v1.5.0\n  Downloaded futures-io v0.3.31\n  Downloaded forward_ref v1.0.0\n  Downloaded const-random v0.1.18\n  Downloaded convert_case v0.10.0\n  Downloaded fastrlp v0.4.0\n  Downloaded heck v0.4.1\n  Downloaded const-oid v0.9.6\n  Downloaded futures-sink v0.3.31\n  Downloaded flex-error v0.4.4\n  Downloaded config v0.14.1\n  Downloaded group v0.13.0\n  Downloaded bit-vec v0.8.0\n  Downloaded cosmrs v0.16.0\n  Downloaded find-msvc-tools v0.1.8\n  Downloaded futures-core v0.3.31\n  Downloaded auto_impl v1.3.0\n  Downloaded indenter v0.3.4\n  Downloaded impl-trait-for-tuples v0.2.3\n  Downloaded impl-codec v0.6.0\n  Downloaded idna_adapter v1.2.1\n  Downloaded icu_properties v2.1.2\n  Downloaded http-body v1.0.1\n  Downloaded http-body v0.4.6\n  Downloaded hex-literal v0.4.1\n  Downloaded heck v0.5.0\n  Downloaded ipnet v2.11.0\n  Downloaded async-stream v0.3.6\n  Downloaded futures-task v0.3.31\n  Downloaded futures-macro v0.3.31\n  Downloaded ark-std v0.5.0\n  Downloaded hex v0.4.3\n  Downloaded arrayvec v0.7.6\n  Downloaded ark-std v0.4.0\n  Downloaded fnv v1.0.7\n  Downloaded futures-executor v0.3.31\n  Downloaded alloy-eips v0.1.4\n  Downloaded home v0.5.12\n  Downloaded ark-ff v0.5.0\n  Downloaded httpdate v1.0.3\n  Downloaded json5 v0.4.1\n  Downloaded futures-utils-wasm v0.1.0\n  Downloaded jsonwebtoken v9.3.1\n  Downloaded alloy-primitives v0.7.7\n  Downloaded lazy_static v1.5.0\n  Downloaded alloy-primitives v0.8.26\n  Downloaded hyper-tls v0.6.0\n  Downloaded futures-channel v0.3.31\n  Downloaded lru v0.12.5\n  Downloaded lock_api v0.4.14\n  Downloaded foldhash v0.1.5\n  Downloaded matchers v0.2.0\n  Downloaded log v0.4.29\n  Downloaded mime v0.3.17\n  Downloaded md-5 v0.10.6\n  Downloaded generic-array v0.14.9\n  Downloaded native-tls v0.2.14\n  Downloaded hyper-rustls v0.24.2\n  Downloaded litemap v0.8.1\n  Downloaded ark-ff v0.4.2\n  Downloaded http-body-util v0.1.3\n  Downloaded alloy-genesis v0.1.4\n  Downloaded nu-ansi-term v0.50.3\n  Downloaded num_cpus v1.17.0\n  Downloaded num-conv v0.2.0\n  Downloaded num-integer v0.1.46\n  Downloaded num-traits v0.2.19\n  Downloaded futures v0.3.31\n  Downloaded opaque-debug v0.3.1\n  Downloaded num_enum_derive v0.7.5\n  Downloaded num_enum v0.7.5\n  Downloaded once_cell v1.21.3\n  Downloaded base64 v0.22.1\n  Downloaded bytes v1.11.0\n  Downloaded iana-time-zone v0.1.64\n  Downloaded derivative v2.2.0\n  Downloaded httparse v1.10.1\n  Downloaded getrandom v0.2.17\n  Downloaded bitvec v1.0.1\n  Downloaded getrandom v0.3.4\n  Downloaded base64 v0.21.7\n  Downloaded num-iter v0.1.45\n  Downloaded elliptic-curve v0.13.8\n  Downloaded num-derive v0.4.2\n  Downloaded hashlink v0.8.4\n  Downloaded hmac v0.12.1\n  Downloaded icu_provider v2.1.1\n  Downloaded itoa v1.0.17\n  Downloaded keccak-asm v0.1.5\n  Downloaded percent-encoding v2.3.2\n  Downloaded pem-rfc7468 v0.7.0\n  Downloaded pest_derive v2.8.5\n  Downloaded pem v3.0.6\n  Downloaded c-kzg v1.0.3\n  Downloaded proc-macro-error-attr v1.0.4\n  Downloaded prost v0.12.6\n  Downloaded prost-derive v0.12.6\n  Downloaded proc-macro2 v1.0.106\n  Downloaded quote v1.0.44\n  Downloaded prost-types v0.12.6\n  Downloaded cosmwasm-std v1.5.11\n  Downloaded cosmos-sdk-proto v0.21.1\n  Downloaded rand_core v0.6.4\n  Downloaded rand_chacha v0.9.0\n  Downloaded const_format v0.2.35\n  Downloaded rand_chacha v0.3.1\n  Downloaded bnum v0.10.0\n  Downloaded bigdecimal v0.4.10\n  Downloaded cc v1.2.54\n  Downloaded pkg-config v0.3.32\n  Downloaded pkcs8 v0.10.2\n  Downloaded pin-utils v0.1.0\n  Downloaded pin-project-lite v0.2.16\n  Downloaded der v0.7.10\n  Downloaded derive_more v2.1.1\n  Downloaded ripemd v0.1.3\n  Downloaded pathdiff v0.2.3\n  Downloaded ron v0.8.1\n  Downloaded paste v1.0.15\n  Downloaded parking_lot_core v0.9.12\n  Downloaded rustc-hex v2.1.0\n  Downloaded rust-ini v0.20.0\n  Downloaded rustc_version v0.4.1\n  Downloaded rustls-native-certs v0.6.3\n  Downloaded ruint-macro v1.2.1\n  Downloaded parking_lot v0.12.5\n  Downloaded ordered-multimap v0.7.3\n  Downloaded parity-scale-codec v3.7.5\n  Downloaded ryu v1.0.22\n  Downloaded peg-runtime v0.8.5\n  Downloaded indexmap v2.13.0\n  Downloaded sct v0.7.1\n  Downloaded schemars_derive v0.8.22\n  Downloaded sec1 v0.7.3\n  Downloaded peg-macros v0.8.5\n  Downloaded scopeguard v1.2.0\n  Downloaded interprocess v2.2.3\n  Downloaded parity-scale-codec-derive v3.7.5\n  Downloaded itertools v0.13.0\n  Downloaded serde_spanned v0.6.9\n  Downloaded itertools v0.10.5\n  Downloaded sha2 v0.10.9\n  Downloaded k256 v0.13.4\n  Downloaded itertools v0.12.1\n  Downloaded sha1 v0.10.6\n  Downloaded icu_normalizer_data v2.1.1\n  Downloaded peg v0.8.5\n  Downloaded curve25519-dalek-ng v4.1.1\n  Downloaded pest_meta v2.8.5\n  Downloaded pkcs1 v0.7.5\n  Downloaded pest_generator v2.8.5\n  Downloaded openssl-probe v0.1.6\n  Downloaded openssl-macros v0.1.1\n  Downloaded curve25519-dalek v3.2.0\n  Downloaded blst v0.3.16\n  Downloaded chrono v0.4.43\n  Downloaded signal-hook-registry v1.4.8\n  Downloaded sharded-slab v0.1.7\n  Downloaded libm v0.2.16\n  Downloaded libc v0.2.180\n  Downloaded pin-project-internal v1.1.10\n  Downloaded pin-project v1.1.10\n  Downloaded derive_more-impl v2.1.1\n  Downloaded encoding_rs v0.8.35\n  Downloaded proc-macro-error v1.0.4\n  Downloaded radium v0.7.0\n  Downloaded quick-error v1.2.3\n  Downloaded rand_core v0.5.1\n  Downloaded proc-macro-crate v3.4.0\n  Downloaded primitive-types v0.12.2\n  Downloaded ppv-lite86 v0.2.21\n  Downloaded powerfmt v0.2.0\n  Downloaded potential_utf v0.1.4\n  Downloaded rand_core v0.9.5\n  Downloaded rand_xorshift v0.4.0\n  Downloaded flume v0.11.1\n  Downloaded rfc6979 v0.4.0\n  Downloaded rlp v0.5.2\n  Downloaded futures-intrusive v0.5.0\n  Downloaded rustc_version v0.3.3\n  Downloaded minimal-lexical v0.2.1\n  Downloaded rustls-pemfile v1.0.4\n  Downloaded simple_asn1 v0.6.3\n  Downloaded rustls-pki-types v1.14.0\n  Downloaded slab v0.4.11\n  Downloaded hashbrown v0.12.3\n  Downloaded memchr v2.7.6\n  Downloaded socket2 v0.5.10\n  Downloaded hashbrown v0.16.1\n  Downloaded spki v0.7.3\n  Downloaded socket2 v0.6.2\n  Downloaded h2 v0.3.27\n  Downloaded futures-util v0.3.31\n  Downloaded sqlx-macros v0.7.4\n  Downloaded schemars v0.8.22\n  Downloaded sqlx-macros-core v0.7.4\n  Downloaded num-bigint v0.4.6\n  Downloaded icu_collections v2.1.1\n  Downloaded icu_normalizer v2.1.1\n  Downloaded http v1.4.0\n  Downloaded hyper-util v0.1.19\n  Downloaded http v0.2.12\n  Downloaded icu_locale_core v2.1.1\n  Downloaded hkdf v0.12.4\n  Downloaded semver v0.11.0\n  Downloaded hyper v1.8.1\n  Downloaded semver v1.0.27\n  Downloaded sqlx-sqlite v0.7.4\n  Downloaded stringprep v0.1.5\n  Downloaded static_assertions v1.1.0\n  Downloaded stable_deref_trait v1.2.1\n  Downloaded num-bigint-dig v0.8.6\n  Downloaded hyper v0.14.32\n  Downloaded strum_macros v0.27.2\n  Downloaded semver-parser v0.10.3\n  Downloaded serde-json-wasm v0.5.2\n  Downloaded subtle v2.6.1\n  Downloaded serde_bytes v0.11.19\n  Downloaded icu_properties_data v2.1.2\n  Downloaded subtle-ng v2.5.0\n  Downloaded serde_derive v1.0.228\n  Downloaded serde_urlencoded v0.7.1\n  Downloaded serde_repr v0.1.20\n  Downloaded shlex v1.3.0\n  Downloaded sha2 v0.9.9\n  Downloaded signature v2.2.0\n  Downloaded serde_derive_internals v0.29.1\n  Downloaded smallvec v1.15.1\n  Downloaded syn-solidity v0.7.7\n  Downloaded sqlformat v0.2.6\n  Downloaded openssl v0.10.75\n  Downloaded tap v1.0.1\n  Downloaded synstructure v0.13.2\n  Downloaded sync_wrapper v1.0.2\n  Downloaded sync_wrapper v0.1.2\n  Downloaded subtle-encoding v0.5.1\n  Downloaded strum v0.27.2\n  Downloaded sqlx-mysql v0.7.4\n  Downloaded tendermint-config v0.35.0\n  Downloaded tendermint-proto v0.35.0\n  Downloaded tempfile v3.24.0\n  Downloaded thiserror v1.0.69\n  Downloaded thiserror-impl v2.0.18\n  Downloaded thiserror-impl v1.0.69\n  Downloaded thiserror v2.0.18\n  Downloaded serde_core v1.0.228\n  Downloaded threadpool v1.8.1\n  Downloaded thread_local v1.1.9\n  Downloaded toml_datetime v0.6.11\n  Downloaded linux-raw-sys v0.11.0\n  Downloaded uint v0.9.5\n  Downloaded valuable v0.1.1\n  Downloaded tokio-native-tls v0.3.1\n  Downloaded yoke v0.8.1\n  Downloaded tokio-tungstenite v0.23.1\n  Downloaded tokio-rustls v0.26.4\n  Downloaded toml_datetime v0.7.5+spec-1.1.0\n  Downloaded uuid v1.20.0\n  Downloaded zerofrom v0.1.6\n  Downloaded tower-layer v0.3.3\n  Downloaded toml_parser v1.0.6+spec-1.1.0\n  Downloaded rand v0.8.5\n  Downloaded toml_write v0.1.2\n  Downloaded yoke-derive v0.8.1\n  Downloaded utf8_iter v1.0.4\n  Downloaded urlencoding v2.1.3\n  Downloaded unicode-xid v0.2.6\n  Downloaded tower-service v0.3.3\n  Downloaded tungstenite v0.23.0\n  Downloaded toml v0.8.23\n  Downloaded tokio-rustls v0.24.1\n  Downloaded tokio-macros v2.6.0\n  Downloaded tinyvec_macros v0.1.1\n  Downloaded tinyvec v1.10.0\n  Downloaded proptest v1.9.0\n  Downloaded zmij v1.0.17\n  Downloaded reqwest v0.11.27\n  Downloaded rand v0.9.2\n  Downloaded zerovec-derive v0.11.2\n  Downloaded pest v2.8.5\n  Downloaded openssl-sys v0.9.111\n  Downloaded tracing-core v0.1.36\n  Downloaded rsa v0.9.10\n  Downloaded unarray v0.1.4\n  Downloaded ruint v1.17.2\n  Downloaded unicode-properties v0.1.4\n  Downloaded wait-timeout v0.2.1\n  Downloaded walkdir v2.5.0\n  Downloaded webpki-roots v0.26.11\n  Downloaded version_check v0.9.5\n  Downloaded utf-8 v0.7.6\n  Downloaded want v0.3.1\n  Downloaded untrusted v0.9.0\n  Downloaded serde v1.0.228\n  Downloaded secp256k1 v0.27.0\n  Downloaded rustls-webpki v0.101.7\n  Downloaded rustls v0.23.36\n  Downloaded wyz v0.5.1\n  Downloaded writeable v0.6.2\n  Downloaded whoami v1.6.1\n  Downloaded serde_json v1.0.149\n  Downloaded unicode-ident v1.0.22\n  Downloaded unicode-bidi v0.3.18\n  Downloaded reqwest v0.12.28\n  Downloaded zeroize_derive v1.4.3\n  Downloaded zeroize v1.8.2\n  Downloaded zerofrom-derive v0.1.6\n  Downloaded sha3-asm v0.1.5\n  Downloaded regex-syntax v0.8.8\n  Downloaded sqlx-postgres v0.7.4\n  Downloaded sqlx v0.7.4\n  Downloaded regex-automata v0.4.13\n  Downloaded libsqlite3-sys v0.27.0\n  Downloaded ucd-trie v0.1.7\n  Downloaded try-lock v0.2.5\n  Downloaded tracing-serde v0.2.0\n  Downloaded tracing-log v0.2.0\n  Downloaded tracing-attributes v0.1.31\n  Downloaded tokio-stream v0.1.18\n  Downloaded tinystr v0.8.2\n  Downloaded tiny-keccak v2.0.2\n  Downloaded time-macros v0.2.26\n  Downloaded time-core v0.1.8\n  Downloaded iri-string v0.7.10\n  Downloaded idna v1.1.0\n  Downloaded same-file v1.0.6\n  Downloaded rusty-fork v0.3.1\n  Downloaded rustversion v1.0.22\n  Downloaded nom v7.1.3\n  Downloaded mio v1.1.1\n  Downloaded spin v0.9.8\n  Downloaded hashbrown v0.15.5\n  Downloaded hashbrown v0.14.5\n  Downloaded syn v2.0.114\n  Downloaded toml_edit v0.23.10+spec-1.0.0\n  Downloaded rustls v0.21.12\n  Downloaded rustls-webpki v0.103.9\n  Downloaded tower v0.4.13\n  Downloaded tower-http v0.6.8\n  Downloaded tower v0.5.3\n  Downloaded tracing v0.1.44\n  Downloaded unicode-segmentation v1.12.0\n  Downloaded unicode-normalization v0.1.25\n  Downloaded vcpkg v0.2.15\n  Downloaded tracing-subscriber v0.3.22\n  Downloaded webpki-roots v1.0.5\n  Downloaded winnow v0.6.26\n  Downloaded tokio v1.49.0\n  Downloaded rustix v1.1.3\n  Downloaded zerotrie v0.2.3\n  Downloaded yaml-rust2 v0.8.1\n  Downloaded secp256k1-sys v0.8.2\n  Downloaded tendermint v0.35.0\n  Downloaded sqlx-core v0.7.4\n  Downloaded typenum v1.19.0\n  Downloaded url v2.5.8\n  Downloaded unicode_categories v0.1.1\n  Downloaded tendermint-rpc v0.35.0\n  Downloaded winnow v0.7.14\n  Downloaded toml_edit v0.22.27\n  Downloaded zerocopy v0.8.35\n  Downloaded tokio-util v0.7.18\n  Downloaded time v0.3.46\n  Downloaded zerovec v0.11.5\n  Downloaded syn v1.0.109\n  Downloaded ring v0.17.14\n   Compiling proc-macro2 v1.0.106\n   Compiling unicode-ident v1.0.22\n   Compiling quote v1.0.44\n   Compiling serde_core v1.0.228\n   Compiling serde v1.0.228\n   Compiling version_check v0.9.5\n   Compiling libc v0.2.180\n    Checking cfg-if v1.0.4\n   Compiling typenum v1.19.0\n    Checking once_cell v1.21.3\n    Checking subtle v2.6.1\n    Checking itoa v1.0.17\n    Checking const-oid v0.9.6\n    Checking memchr v2.7.6\n    Checking pin-project-lite v0.2.16\n   Compiling shlex v1.3.0\n   Compiling find-msvc-tools v0.1.8\n    Checking cpufeatures v0.2.17\n   Compiling zmij v1.0.17\n   Compiling parking_lot_core v0.9.12\n   Compiling serde_json v1.0.149\n   Compiling crunchy v0.2.4\n    Checking smallvec v1.15.1\n   Compiling generic-array v0.14.9\n    Checking futures-core v0.3.31\n   Compiling zerocopy v0.8.35\n    Checking scopeguard v1.2.0\n    Checking base16ct v0.2.0\n    Checking futures-sink v0.3.31\n    Checking log v0.4.29\n   Compiling ruint-macro v1.2.1\n   Compiling paste v1.0.15\n   Compiling cc v1.2.54\n   Compiling icu_properties_data v2.1.2\n    Checking pin-utils v0.1.0\n   Compiling thiserror v1.0.69\n    Checking lock_api v0.4.14\n    Checking futures-channel v0.3.31\n   Compiling icu_normalizer_data v2.1.1\n   Compiling autocfg v1.5.0\n    Checking futures-io v0.3.31\n    Checking slab v0.4.11\n    Checking futures-task v0.3.31\n   Compiling convert_case v0.4.0\n    Checking stable_deref_trait v1.2.1\n    Checking tracing-core v0.1.36\n   Compiling tiny-keccak v2.0.2\n    Checking arrayvec v0.7.6\n   Compiling getrandom v0.3.4\n    Checking hex-literal v0.4.1\n   Compiling num-traits v0.2.19\n    Checking writeable v0.6.2\n    Checking litemap v0.8.1\n   Compiling syn v2.0.114\n   Compiling ahash v0.8.12\n    Checking hex v0.4.3\n    Checking percent-encoding v2.3.2\n   Compiling syn v1.0.109\n    Checking byteorder v1.5.0\n    Checking tower-service v0.3.3\n    Checking form_urlencoded v1.2.2\n   Compiling httparse v1.10.1\n    Checking equivalent v1.0.2\n    Checking utf8_iter v1.0.4\n   Compiling hashbrown v0.16.1\n    Checking untrusted v0.9.0\n   Compiling heck v0.5.0\n   Compiling proc-macro-error-attr v1.0.4\n    Checking allocator-api2 v0.2.21\n   Compiling vcpkg v0.2.15\n   Compiling winnow v0.6.26\n   Compiling pkg-config v0.3.32\n   Compiling proc-macro-error v1.0.4\n   Compiling ring v0.17.14\n    Checking try-lock v0.2.5\n   Compiling blst v0.3.16\n   Compiling dunce v1.0.5\n    Checking getrandom v0.2.17\n    Checking errno v0.3.14\n    Checking mio v1.1.1\n    Checking socket2 v0.6.2\n    Checking rand_core v0.6.4\n    Checking signal-hook-registry v1.4.8\n    Checking parking_lot v0.12.5\n    Checking want v0.3.1\n    Checking ff v0.13.1\n    Checking tower-layer v0.3.3\n    Checking num_cpus v1.17.0\n    Checking base64 v0.22.1\n   Compiling crossbeam-utils v0.8.21\n    Checking group v0.13.0\n   Compiling unicode-segmentation v1.12.0\n    Checking openssl-probe v0.1.6\n   Compiling indexmap v2.13.0\n   Compiling openssl-sys v0.9.111\n    Checking threadpool v1.8.1\n   Compiling c-kzg v1.0.3\n    Checking futures-utils-wasm v0.1.0\n   Compiling openssl v0.10.75\n    Checking foreign-types-shared v0.1.1\n    Checking const-hex v1.17.0\n    Checking bitflags v2.10.0\n   Compiling anyhow v1.0.100\n    Checking foreign-types v0.3.2\n   Compiling native-tls v0.2.14\n    Checking ipnet v2.11.0\n   Compiling rustls v0.23.36\n   Compiling ruint v1.17.2\n   Compiling crypto-common v0.1.6\n   Compiling block-buffer v0.10.4\n    Checking atomic-waker v1.1.2\n    Checking ryu v1.0.22\n    Checking opaque-debug v0.3.1\n   Compiling eyre v0.6.12\n   Compiling digest v0.10.7\n    Checking base64 v0.21.7\n    Checking sync_wrapper v1.0.2\n   Compiling time-core v0.1.8\n   Compiling num-conv v0.2.0\n    Checking indenter v0.3.4\n    Checking ppv-lite86 v0.2.21\n    Checking powerfmt v0.2.0\n   Compiling convert_case v0.10.0\n   Compiling synstructure v0.13.2\n   Compiling syn-solidity v0.7.7\n   Compiling num-integer v0.1.46\n   Compiling time-macros v0.2.26\n    Checking hashbrown v0.14.5\n   Compiling minimal-lexical v0.2.1\n    Checking deranged v0.5.5\n    Checking rand_chacha v0.3.1\n    Checking iri-string v0.7.10\n   Compiling tinyvec_macros v0.1.1\n    Checking fnv v1.0.7\n    Checking data-encoding v2.10.0\n    Checking utf-8 v0.7.6\n    Checking bimap v0.6.3\n    Checking rand v0.8.5\n   Compiling unicode-xid v0.2.6\n   Compiling rustversion v1.0.22\n    Checking flex-error v0.4.4\n   Compiling nom v7.1.3\n   Compiling tinyvec v1.10.0\n   Compiling num-bigint v0.4.6\n    Checking serde_bytes v0.11.19\n   Compiling ahash v0.7.8\n   Compiling rustls v0.21.12\n    Checking subtle-ng v2.5.0\n   Compiling rustix v1.1.3\n   Compiling iana-time-zone v0.1.64\n   Compiling ucd-trie v0.1.7\n   Compiling doctest-file v1.0.0\n   Compiling crc-catalog v2.4.0\n   Compiling unicode_categories v0.1.1\n   Compiling chrono v0.4.43\n   Compiling crossbeam-queue v0.3.12\n   Compiling crc v3.4.0\n   Compiling pest v2.8.5\n   Compiling futures-util v0.3.31\n   Compiling unicode-normalization v0.1.25\n   Compiling futures-intrusive v0.5.0\n    Checking hashlink v0.8.4\n   Compiling atoi v2.0.0\n   Compiling hmac v0.12.1\n   Compiling sha2 v0.10.9\n   Compiling const-random-macro v0.1.16\n   Compiling unicode-bidi v0.3.18\n   Compiling event-listener v2.5.3\n   Compiling unicode-properties v0.1.4\n    Checking time v0.3.46\n    Checking toml_write v0.1.2\n   Compiling serde_derive v1.0.228\n   Compiling zeroize_derive v1.4.3\n   Compiling zerofrom-derive v0.1.6\n   Compiling yoke-derive v0.8.1\n   Compiling zerovec-derive v0.11.2\n   Compiling displaydoc v0.2.5\n   Compiling tracing-attributes v0.1.31\n   Compiling tokio-macros v2.6.0\n   Compiling futures-macro v0.3.31\n   Compiling thiserror-impl v1.0.69\n   Compiling derive_more v0.99.20\n   Compiling alloy-rlp-derive v0.3.12\n   Compiling pin-project-internal v1.1.10\n   Compiling openssl-macros v0.1.1\n   Compiling async-trait v0.1.89\n   Compiling auto_impl v1.3.0\n   Compiling num-derive v0.4.2\n   Compiling derive_more-impl v2.1.1\n   Compiling sqlformat v0.2.6\n   Compiling bigdecimal v0.3.1\n   Compiling strum_macros v0.27.2\n    Checking zeroize v1.8.2\n    Checking zerofrom v0.1.6\n    Checking pin-project v1.1.10\n   Compiling num_enum_derive v0.7.5\n    Checking winnow v0.7.14\n    Checking tracing v0.1.44\n   Compiling yoke v0.8.1\n   Compiling linux-raw-sys v0.11.0\n    Checking der v0.7.10\n    Checking rustls-pki-types v1.14.0\n   Compiling zerovec v0.11.5\n   Compiling zerotrie v0.2.3\n    Checking subtle-encoding v0.5.1\n    Checking foldhash v0.1.5\n   Compiling pest_meta v2.8.5\n   Compiling stringprep v0.1.5\n    Checking const-random v0.1.18\n   Compiling serde_repr v0.1.20\n    Checking hashbrown v0.15.5\n    Checking webpki-roots v1.0.5\n   Compiling async-stream-impl v0.3.6\n   Compiling hkdf v0.12.4\n    Checking webpki-roots v0.26.11\n    Checking crypto-bigint v0.5.5\n    Checking digest v0.9.0\n    Checking block-buffer v0.9.0\n   Compiling md-5 v0.10.6\n    Checking socket2 v0.5.10\n   Compiling tinystr v0.8.2\n   Compiling potential_utf v0.1.4\n    Checking sha2 v0.9.9\n    Checking curve25519-dalek-ng v4.1.1\n    Checking num_enum v0.7.5\n    Checking strum v0.27.2\n    Checking encoding_rs v0.8.35\n   Compiling icu_locale_core v2.1.1\n   Compiling icu_collections v2.1.1\n   Compiling dotenvy v0.15.7\n    Checking spki v0.7.3\n    Checking sec1 v0.7.3\n    Checking signature v2.2.0\n    Checking sha1 v0.10.6\n    Checking rfc6979 v0.4.0\n    Checking ripemd v0.1.3\n    Checking ed25519 v2.2.3\n   Compiling whoami v1.6.1\n    Checking rand_core v0.5.1\n    Checking pkcs8 v0.10.2\n    Checking ed25519-consensus v2.1.0\n    Checking httpdate v1.0.3\n   Compiling home v0.5.12\n    Checking rustls-webpki v0.103.9\n    Checking rustls-webpki v0.101.7\n    Checking sct v0.7.1\n   Compiling fastrand v2.3.0\n    Checking bytes v1.11.0\n    Checking alloy-sol-type-parser v0.7.7\n    Checking either v1.15.0\n    Checking serde_urlencoded v0.7.1\n    Checking toml_datetime v0.6.11\n    Checking serde_spanned v0.6.9\n    Checking curve25519-dalek v3.2.0\n    Checking toml_edit v0.22.27\n    Checking itertools v0.13.0\n    Checking icu_provider v2.1.1\n    Checking elliptic-curve v0.13.8\n    Checking async-stream v0.3.6\n   Compiling itertools v0.12.1\n   Compiling pest_generator v2.8.5\n    Checking lru v0.12.5\n    Checking hashbrown v0.12.3\n    Checking tokio v1.49.0\n    Checking alloy-rlp v0.3.12\n    Checking http v1.4.0\n    Checking icu_normalizer v2.1.1\n    Checking icu_properties v2.1.2\n    Checking ecdsa v0.16.9\n   Compiling alloy-primitives v0.7.7\n    Checking http v0.2.12\n    Checking derive_more v2.1.1\n   Compiling tempfile v3.24.0\n    Checking dlv-list v0.5.2\n    Checking dashmap v5.5.3\n    Checking rustls-pemfile v1.0.4\n    Checking futures-executor v0.3.31\n    Checking tower v0.4.13\n    Checking k256 v0.13.4\n   Compiling serde_derive_internals v0.29.1\n   Compiling heck v0.4.1\n    Checking futures v0.3.31\n    Checking http-body v1.0.1\n   Compiling peg-runtime v0.8.5\n   Compiling schemars v0.8.22\n   Compiling libm v0.2.16\n    Checking http-body-util v0.1.3\n    Checking regex-syntax v0.8.8\n   Compiling peg-macros v0.8.5\n    Checking http-body v0.4.6\n    Checking alloy-primitives v0.8.26\n   Compiling pest_derive v2.8.5\n    Checking rustls-native-certs v0.6.3\n    Checking ordered-multimap v0.7.3\n   Compiling alloy-json-abi v0.7.7\n    Checking idna_adapter v1.2.1\n    Checking ed25519-zebra v3.1.0\n    Checking bs58 v0.5.1\n    Checking idna v1.1.0\n    Checking toml v0.8.23\n   Compiling prost-derive v0.12.6\n   Compiling bigdecimal v0.4.10\n    Checking regex-automata v0.4.13\n    Checking sync_wrapper v0.1.2\n    Checking mime v0.3.17\n    Checking arraydeque v0.5.1\n   Compiling alloy-sol-macro-input v0.7.7\n    Checking alloy-chains v0.1.69\n    Checking url v2.5.8\n    Checking tungstenite v0.23.0\n    Checking lazy_static v1.5.0\n    Checking same-file v1.0.6\n    Checking alloy-json-rpc v0.1.4\n    Checking alloy-serde v0.1.4\n    Checking alloy-signer v0.1.4\n   Compiling schemars_derive v0.8.22\n    Checking dyn-clone v1.0.20\n    Checking yaml-rust2 v0.8.1\n    Checking tokio-util v0.7.18\n    Checking hyper v1.8.1\n    Checking tokio-native-tls v0.3.1\n    Checking tower v0.5.3\n    Checking tokio-rustls v0.26.4\n   Compiling alloy-sol-macro-expander v0.7.7\n   Compiling tokio-stream v0.1.18\n    Checking interprocess v2.2.3\n    Checking tokio-rustls v0.24.1\n    Checking alloy-eips v0.1.4\n    Checking peg v0.8.5\n    Checking convert_case v0.6.0\n    Checking sharded-slab v0.1.7\n    Checking walkdir v2.5.0\n    Checking alloy-transport v0.1.4\n    Checking json5 v0.4.1\n    Checking cosmwasm-crypto v1.5.11\n    Checking rust-ini v0.20.0\n    Checking tokio-tungstenite v0.23.1\n    Checking bip32 v0.5.3\n    Checking ron v0.8.1\n    Checking serde-json-wasm v0.5.2\n    Checking tracing-serde v0.2.0\n   Compiling cosmwasm-derive v1.5.11\n   Compiling derivative v2.2.0\n    Checking tower-http v0.6.8\n    Checking h2 v0.3.27\n    Checking tracing-log v0.2.0\n    Checking thread_local v1.1.9\n    Checking pathdiff v0.2.3\n    Checking nu-ansi-term v0.50.3\n    Checking semver v1.0.27\n   Compiling sqlx-core v0.7.4\n    Checking uuid v1.20.0\n    Checking forward_ref v1.0.0\n    Checking static_assertions v1.1.0\n    Checking bnum v0.10.0\n    Checking hyper-util v0.1.19\n    Checking bech32 v0.9.1\n    Checking alloy-pubsub v0.1.4\n    Checking prost v0.12.6\n    Checking alloy-consensus v0.1.4\n    Checking config v0.14.1\n    Checking matchers v0.2.0\n    Checking tracing-subscriber v0.3.22\n    Checking prost-types v0.12.6\n    Checking alloy-transport-ws v0.1.4\n    Checking alloy-transport-ipc v0.1.4\n    Checking hyper-tls v0.6.0\n   Compiling alloy-sol-macro v0.7.7\n    Checking reqwest v0.12.28\n    Checking tendermint-proto v0.35.0\n    Checking alloy-sol-types v0.7.7\n   Compiling sqlx-postgres v0.7.4\n    Checking alloy-transport-http v0.1.4\n    Checking alloy-rpc-client v0.1.4\n    Checking cosmwasm-std v1.5.11\n    Checking hyper v0.14.32\n    Checking alloy-rpc-types-eth v0.1.4\n    Checking alloy-dyn-abi v0.7.7\n    Checking alloy-core v0.7.7\n   Compiling sqlx-macros-core v0.7.4\n    Checking alloy-network v0.1.4\n    Checking alloy-rpc-types v0.1.4\n    Checking alloy-provider v0.1.4\n    Checking alloy-signer-local v0.1.4\n    Checking hyper-rustls v0.24.2\n    Checking reqwest v0.11.27\n   Compiling sqlx-macros v0.7.4\n    Checking alloy-contract v0.1.4\n    Checking sqlx v0.7.4\n    Checking alloy v0.1.4\n    Checking tendermint v0.35.0\n    Checking cosmos-sdk-proto v0.21.1\n    Checking tendermint-config v0.35.0\n    Checking tendermint-rpc v0.35.0\n    Checking cosmrs v0.16.0\n    Checking cl8y-relayer v0.1.0 (/home/answorld/repos/cl8y-bridge-monorepo/packages/relayer)\nerror[E0583]: file not found for module `evm`\n --> src/writers/mod.rs:7:1\n  |\n7 | pub mod evm;\n  | ^^^^^^^^^^^^\n  |\n  = help: to create the module `evm`, create file \"src/writers/evm.rs\" or \"src/writers/evm/mod.rs\"\n  = note: if there is a `mod evm` elsewhere in the crate already, import it with `use crate::...` instead\n\nerror[E0583]: file not found for module `terra`\n --> src/writers/mod.rs:8:1\n  |\n8 | pub mod terra;\n  | ^^^^^^^^^^^^^^\n  |\n  = help: to create the module `terra`, create file \"src/writers/terra.rs\" or \"src/writers/terra/mod.rs\"\n  = note: if there is a `mod terra` elsewhere in the crate already, import it with `use crate::...` instead\n\nerror: set `DATABASE_URL` to use query macros online, or run `cargo sqlx prepare` to update the query cache\n  --> src/db/mod.rs:19:5\n   |\n19 | /     sqlx::query!(\n20 | |         r#\"\n21 | |         CREATE TABLE IF NOT EXISTS evm_deposits (\n22 | |             id BIGSERIAL PRIMARY KEY,\n...  |\n38 | |         \"#\n39 | |     )\n   | |_____^\n   |\n   = note: this error originates in the macro `$crate::sqlx_macros::expand_query` which comes from the expansion of the macro `sqlx::query` (in Nightly builds, run with -Z macro-backtrace for more info)\n\nerror: set `DATABASE_URL` to use query macros online, or run `cargo sqlx prepare` to update the query cache\n  --> src/db/mod.rs:44:5\n   |\n44 | /     sqlx::query!(\n45 | |         r#\"\n46 | |         CREATE TABLE IF NOT EXISTS terra_deposits (\n47 | |             id BIGSERIAL PRIMARY KEY,\n...  |\n60 | |         \"#\n61 | |     )\n   | |_____^\n   |\n   = note: this error originates in the macro `$crate::sqlx_macros::expand_query` which comes from the expansion of the macro `sqlx::query` (in Nightly builds, run with -Z macro-backtrace for more info)\n\nerror: set `DATABASE_URL` to use query macros online, or run `cargo sqlx prepare` to update the query cache\n  --> src/db/mod.rs:66:5\n   |\n66 | /     sqlx::query!(\n67 | |         r#\"\n68 | |         CREATE TABLE IF NOT EXISTS approvals (\n69 | |             id BIGSERIAL PRIMARY KEY,\n...  |\n88 | |         \"#\n89 | |     )\n   | |_____^\n   |\n   = note: this error originates in the macro `$crate::sqlx_macros::expand_query` which comes from the expansion of the macro `sqlx::query` (in Nightly builds, run with -Z macro-backtrace for more info)\n\nerror: set `DATABASE_URL` to use query macros online, or run `cargo sqlx prepare` to update the query cache\n   --> src/db/mod.rs:94:5\n    |\n 94 | /     sqlx::query!(\n 95 | |         r#\"\n 96 | |         CREATE TABLE IF NOT EXISTS releases (\n 97 | |             id BIGSERIAL PRIMARY KEY,\n...   |\n113 | |         \"#\n114 | |     )\n    | |_____^\n    |\n    = note: this error originates in the macro `$crate::sqlx_macros::expand_query` which comes from the expansion of the macro `sqlx::query` (in Nightly builds, run with -Z macro-backtrace for more info)\n\nerror: set `DATABASE_URL` to use query macros online, or run `cargo sqlx prepare` to update the query cache\n   --> src/db/mod.rs:119:5\n    |\n119 | /     sqlx::query!(\n120 | |         r#\"\n121 | |         CREATE TABLE IF NOT EXISTS evm_blocks (\n122 | |             chain_id BIGINT PRIMARY KEY,\n...   |\n126 | |         \"#\n127 | |     )\n    | |_____^\n    |\n    = note: this error originates in the macro `$crate::sqlx_macros::expand_query` which comes from the expansion of the macro `sqlx::query` (in Nightly builds, run with -Z macro-backtrace for more info)\n\nerror: set `DATABASE_URL` to use query macros online, or run `cargo sqlx prepare` to update the query cache\n   --> src/db/mod.rs:132:5\n    |\n132 | /     sqlx::query!(\n133 | |         r#\"\n134 | |         CREATE TABLE IF NOT EXISTS terra_blocks (\n135 | |             chain_id VARCHAR(128) PRIMARY KEY,\n...   |\n139 | |         \"#\n140 | |     )\n    | |_____^\n    |\n    = note: this error originates in the macro `$crate::sqlx_macros::expand_query` which comes from the expansion of the macro `sqlx::query` (in Nightly builds, run with -Z macro-backtrace for more info)\n\nerror: set `DATABASE_URL` to use query macros online, or run `cargo sqlx prepare` to update the query cache\n   --> src/db/mod.rs:150:18\n    |\n150 |       let result = sqlx::query!(\n    |  __________________^\n151 | |         r#\"\n152 | |         INSERT INTO evm_deposits (chain_id, tx_hash, log_index, nonce, dest_chain_key, \n153 | |             dest_token_address, dest_account, token, amount, block_number, block_hash)\n...   |\n167 | |         deposit.block_hash\n168 | |     )\n    | |_____^\n    |\n    = note: this error originates in the macro `$crate::sqlx_macros::expand_query` which comes from the expansion of the macro `sqlx::query` (in Nightly builds, run with -Z macro-backtrace for more info)\n\nerror: set `DATABASE_URL` to use query macros online, or run `cargo sqlx prepare` to update the query cache\n   --> src/db/mod.rs:178:5\n    |\n178 | /     sqlx::query_as!(\n179 | |         EvmDeposit,\n180 | |         r#\"SELECT * FROM evm_deposits WHERE status = 'pending'\"#\n181 | |     )\n    | |_____^\n    |\n    = note: this error originates in the macro `$crate::sqlx_macros::expand_query` which comes from the expansion of the macro `sqlx::query_as` (in Nightly builds, run with -Z macro-backtrace for more info)\n\nerror: set `DATABASE_URL` to use query macros online, or run `cargo sqlx prepare` to update the query cache\n   --> src/db/mod.rs:193:5\n    |\n193 | /     sqlx::query!(\n194 | |         r#\"\n195 | |         UPDATE evm_deposits SET status = $1 WHERE id = $2\n196 | |         \"#,\n197 | |         status,\n198 | |         id\n199 | |     )\n    | |_____^\n    |\n    = note: this error originates in the macro `$crate::sqlx_macros::expand_query` which comes from the expansion of the macro `sqlx::query` (in Nightly builds, run with -Z macro-backtrace for more info)\n\nerror: set `DATABASE_URL` to use query macros online, or run `cargo sqlx prepare` to update the query cache\n   --> src/db/mod.rs:214:18\n    |\n214 |       let result = sqlx::query!(\n    |  __________________^\n215 | |         r#\"\n216 | |         SELECT EXISTS(SELECT 1 FROM evm_deposits WHERE chain_id = $1 AND tx_hash = $2 AND log_index = $3)\n217 | |         \"#,\n...   |\n220 | |         log_index\n221 | |     )\n    | |_____^\n    |\n    = note: this error originates in the macro `$crate::sqlx_macros::expand_query` which comes from the expansion of the macro `sqlx::query` (in Nightly builds, run with -Z macro-backtrace for more info)\n\nerror: set `DATABASE_URL` to use query macros online, or run `cargo sqlx prepare` to update the query cache\n   --> src/db/mod.rs:231:18\n    |\n231 |       let result = sqlx::query!(\n    |  __________________^\n232 | |         r#\"\n233 | |         INSERT INTO terra_deposits (tx_hash, nonce, sender, recipient, token, amount, dest_chain_id, block_height)\n234 | |         VALUES ($1, $2, $3, $4, $5, $6, $7, $8)\n...   |\n244 | |         deposit.block_height\n245 | |     )\n    | |_____^\n    |\n    = note: this error originates in the macro `$crate::sqlx_macros::expand_query` which comes from the expansion of the macro `sqlx::query` (in Nightly builds, run with -Z macro-backtrace for more info)\n\nerror: set `DATABASE_URL` to use query macros online, or run `cargo sqlx prepare` to update the query cache\n   --> src/db/mod.rs:255:5\n    |\n255 | /     sqlx::query_as!(\n256 | |         TerraDeposit,\n257 | |         r#\"SELECT * FROM terra_deposits WHERE status = 'pending'\"#\n258 | |     )\n    | |_____^\n    |\n    = note: this error originates in the macro `$crate::sqlx_macros::expand_query` which comes from the expansion of the macro `sqlx::query_as` (in Nightly builds, run with -Z macro-backtrace for more info)\n\nerror: set `DATABASE_URL` to use query macros online, or run `cargo sqlx prepare` to update the query cache\n   --> src/db/mod.rs:270:5\n    |\n270 | /     sqlx::query!(\n271 | |         r#\"\n272 | |         UPDATE terra_deposits SET status = $1 WHERE id = $2\n273 | |         \"#,\n274 | |         status,\n275 | |         id\n276 | |     )\n    | |_____^\n    |\n    = note: this error originates in the macro `$crate::sqlx_macros::expand_query` which comes from the expansion of the macro `sqlx::query` (in Nightly builds, run with -Z macro-backtrace for more info)\n\nerror: set `DATABASE_URL` to use query macros online, or run `cargo sqlx prepare` to update the query cache\n   --> src/db/mod.rs:290:18\n    |\n290 |       let result = sqlx::query!(\n    |  __________________^\n291 | |         r#\"\n292 | |         SELECT EXISTS(SELECT 1 FROM terra_deposits WHERE tx_hash = $1 AND nonce = $2)\n293 | |         \"#,\n294 | |         tx_hash,\n295 | |         nonce\n296 | |     )\n    | |_____^\n    |\n    = note: this error originates in the macro `$crate::sqlx_macros::expand_query` which comes from the expansion of the macro `sqlx::query` (in Nightly builds, run with -Z macro-backtrace for more info)\n\nerror: set `DATABASE_URL` to use query macros online, or run `cargo sqlx prepare` to update the query cache\n   --> src/db/mod.rs:306:18\n    |\n306 |       let result = sqlx::query!(\n    |  __________________^\n307 | |         r#\"\n308 | |         INSERT INTO approvals (src_chain_key, nonce, dest_chain_id, withdraw_hash, token, recipient, \n309 | |             amount, fee, fee_recipient, deduct_from_amount)\n...   |\n322 | |         approval.deduct_from_amount\n323 | |     )\n    | |_____^\n    |\n    = note: this error originates in the macro `$crate::sqlx_macros::expand_query` which comes from the expansion of the macro `sqlx::query` (in Nightly builds, run with -Z macro-backtrace for more info)\n\nerror: set `DATABASE_URL` to use query macros online, or run `cargo sqlx prepare` to update the query cache\n   --> src/db/mod.rs:333:5\n    |\n333 | /     sqlx::query_as!(\n334 | |         Approval,\n335 | |         r#\"\n336 | |         SELECT * FROM approvals WHERE status = 'pending' AND dest_chain_id = $1\n337 | |         \"#,\n338 | |         dest_chain_id\n339 | |     )\n    | |_____^\n    |\n    = note: this error originates in the macro `$crate::sqlx_macros::expand_query` which comes from the expansion of the macro `sqlx::query_as` (in Nightly builds, run with -Z macro-backtrace for more info)\n\nerror: set `DATABASE_URL` to use query macros online, or run `cargo sqlx prepare` to update the query cache\n   --> src/db/mod.rs:351:5\n    |\n351 | /     sqlx::query!(\n352 | |         r#\"\n353 | |         UPDATE approvals SET status = 'submitted', tx_hash = $1, attempts = attempts + 1, last_attempt_at = NOW()\n354 | |         WHERE id = $2\n...   |\n357 | |         id\n358 | |     )\n    | |_____^\n    |\n    = note: this error originates in the macro `$crate::sqlx_macros::expand_query` which comes from the expansion of the macro `sqlx::query` (in Nightly builds, run with -Z macro-backtrace for more info)\n\nerror: set `DATABASE_URL` to use query macros online, or run `cargo sqlx prepare` to update the query cache\n   --> src/db/mod.rs:368:5\n    |\n368 | /     sqlx::query!(\n369 | |         r#\"\n370 | |         UPDATE approvals SET status = 'confirmed' WHERE id = $1\n371 | |         \"#,\n372 | |         id\n373 | |     )\n    | |_____^\n    |\n    = note: this error originates in the macro `$crate::sqlx_macros::expand_query` which comes from the expansion of the macro `sqlx::query` (in Nightly builds, run with -Z macro-backtrace for more info)\n\nerror: set `DATABASE_URL` to use query macros online, or run `cargo sqlx prepare` to update the query cache\n   --> src/db/mod.rs:387:5\n    |\n387 | /     sqlx::query!(\n388 | |         r#\"\n389 | |         UPDATE approvals SET status = 'failed', error_message = $1, attempts = attempts + 1, last_attempt_at = NOW()\n390 | |         WHERE id = $2\n...   |\n393 | |         id\n394 | |     )\n    | |_____^\n    |\n    = note: this error originates in the macro `$crate::sqlx_macros::expand_query` which comes from the expansion of the macro `sqlx::query` (in Nightly builds, run with -Z macro-backtrace for more info)\n\nerror: set `DATABASE_URL` to use query macros online, or run `cargo sqlx prepare` to update the query cache\n   --> src/db/mod.rs:409:18\n    |\n409 |       let result = sqlx::query!(\n    |  __________________^\n410 | |         r#\"\n411 | |         SELECT EXISTS(SELECT 1 FROM approvals WHERE src_chain_key = $1 AND nonce = $2 AND dest_chain_id = $3)\n412 | |         \"#,\n...   |\n415 | |         dest_chain_id\n416 | |     )\n    | |_____^\n    |\n    = note: this error originates in the macro `$crate::sqlx_macros::expand_query` which comes from the expansion of the macro `sqlx::query` (in Nightly builds, run with -Z macro-backtrace for more info)\n\nerror: set `DATABASE_URL` to use query macros online, or run `cargo sqlx prepare` to update the query cache\n   --> src/db/mod.rs:426:18\n    |\n426 |       let result = sqlx::query!(\n    |  __________________^\n427 | |         r#\"\n428 | |         INSERT INTO releases (src_chain_key, nonce, sender, recipient, token, amount, source_chain_id)\n429 | |         VALUES ($1, $2, $3, $4, $5, $6, $7)\n...   |\n438 | |         release.source_chain_id\n439 | |     )\n    | |_____^\n    |\n    = note: this error originates in the macro `$crate::sqlx_macros::expand_query` which comes from the expansion of the macro `sqlx::query` (in Nightly builds, run with -Z macro-backtrace for more info)\n\nerror: set `DATABASE_URL` to use query macros online, or run `cargo sqlx prepare` to update the query cache\n   --> src/db/mod.rs:449:5\n    |\n449 | /     sqlx::query_as!(\n450 | |         Release,\n451 | |         r#\"SELECT * FROM releases WHERE status = 'pending'\"#\n452 | |     )\n    | |_____^\n    |\n    = note: this error originates in the macro `$crate::sqlx_macros::expand_query` which comes from the expansion of the macro `sqlx::query_as` (in Nightly builds, run with -Z macro-backtrace for more info)\n\nerror: set `DATABASE_URL` to use query macros online, or run `cargo sqlx prepare` to update the query cache\n   --> src/db/mod.rs:464:5\n    |\n464 | /     sqlx::query!(\n465 | |         r#\"\n466 | |         UPDATE releases SET status = 'submitted', tx_hash = $1, attempts = attempts + 1, last_attempt_at = NOW()\n467 | |         WHERE id = $2\n...   |\n470 | |         id\n471 | |     )\n    | |_____^\n    |\n    = note: this error originates in the macro `$crate::sqlx_macros::expand_query` which comes from the expansion of the macro `sqlx::query` (in Nightly builds, run with -Z macro-backtrace for more info)\n\nerror: set `DATABASE_URL` to use query macros online, or run `cargo sqlx prepare` to update the query cache\n   --> src/db/mod.rs:481:5\n    |\n481 | /     sqlx::query!(\n482 | |         r#\"\n483 | |         UPDATE releases SET status = 'confirmed' WHERE id = $1\n484 | |         \"#,\n485 | |         id\n486 | |     )\n    | |_____^\n    |\n    = note: this error originates in the macro `$crate::sqlx_macros::expand_query` which comes from the expansion of the macro `sqlx::query` (in Nightly builds, run with -Z macro-backtrace for more info)\n\nerror: set `DATABASE_URL` to use query macros online, or run `cargo sqlx prepare` to update the query cache\n   --> src/db/mod.rs:500:5\n    |\n500 | /     sqlx::query!(\n501 | |         r#\"\n502 | |         UPDATE releases SET status = 'failed', error_message = $1, attempts = attempts + 1, last_attempt_at = NOW()\n503 | |         WHERE id = $2\n...   |\n506 | |         id\n507 | |     )\n    | |_____^\n    |\n    = note: this error originates in the macro `$crate::sqlx_macros::expand_query` which comes from the expansion of the macro `sqlx::query` (in Nightly builds, run with -Z macro-backtrace for more info)\n\nerror: set `DATABASE_URL` to use query macros online, or run `cargo sqlx prepare` to update the query cache\n   --> src/db/mod.rs:521:18\n    |\n521 |       let result = sqlx::query!(\n    |  __________________^\n522 | |         r#\"\n523 | |         SELECT EXISTS(SELECT 1 FROM releases WHERE src_chain_key = $1 AND nonce = $2)\n524 | |         \"#,\n525 | |         src_chain_key,\n526 | |         nonce\n527 | |     )\n    | |_____^\n    |\n    = note: this error originates in the macro `$crate::sqlx_macros::expand_query` which comes from the expansion of the macro `sqlx::query` (in Nightly builds, run with -Z macro-backtrace for more info)\n\nerror: set `DATABASE_URL` to use query macros online, or run `cargo sqlx prepare` to update the query cache\n   --> src/db/mod.rs:537:18\n    |\n537 |       let result = sqlx::query!(\n    |  __________________^\n538 | |         r#\"\n539 | |         SELECT last_processed_block FROM evm_blocks WHERE chain_id = $1\n540 | |         \"#,\n541 | |         chain_id\n542 | |     )\n    | |_____^\n    |\n    = note: this error originates in the macro `$crate::sqlx_macros::expand_query` which comes from the expansion of the macro `sqlx::query` (in Nightly builds, run with -Z macro-backtrace for more info)\n\nerror: set `DATABASE_URL` to use query macros online, or run `cargo sqlx prepare` to update the query cache\n   --> src/db/mod.rs:556:5\n    |\n556 | /     sqlx::query!(\n557 | |         r#\"\n558 | |         INSERT INTO evm_blocks (chain_id, last_processed_block)\n559 | |         VALUES ($1, $2)\n...   |\n563 | |         block_number\n564 | |     )\n    | |_____^\n    |\n    = note: this error originates in the macro `$crate::sqlx_macros::expand_query` which comes from the expansion of the macro `sqlx::query` (in Nightly builds, run with -Z macro-backtrace for more info)\n\nerror: set `DATABASE_URL` to use query macros online, or run `cargo sqlx prepare` to update the query cache\n   --> src/db/mod.rs:574:18\n    |\n574 |       let result = sqlx::query!(\n    |  __________________^\n575 | |         r#\"\n576 | |         SELECT last_processed_height FROM terra_blocks WHERE chain_id = $1\n577 | |         \"#,\n578 | |         chain_id\n579 | |     )\n    | |_____^\n    |\n    = note: this error originates in the macro `$crate::sqlx_macros::expand_query` which comes from the expansion of the macro `sqlx::query` (in Nightly builds, run with -Z macro-backtrace for more info)\n\nerror: set `DATABASE_URL` to use query macros online, or run `cargo sqlx prepare` to update the query cache\n   --> src/db/mod.rs:593:5\n    |\n593 | /     sqlx::query!(\n594 | |         r#\"\n595 | |         INSERT INTO terra_blocks (chain_id, last_processed_height)\n596 | |         VALUES ($1, $2)\n...   |\n600 | |         block_height\n601 | |     )\n    | |_____^\n    |\n    = note: this error originates in the macro `$crate::sqlx_macros::expand_query` which comes from the expansion of the macro `sqlx::query` (in Nightly builds, run with -Z macro-backtrace for more info)\n\nerror[E0432]: unresolved import `reqwest`\n --> src/watchers/terra.rs:3:5\n  |\n3 | use reqwest;\n  |     ^^^^^^^ no external crate `reqwest`\n\nerror[E0432]: unresolved import `async_trait`\n --> src/watchers/mod.rs:1:5\n  |\n1 | use async_trait::async_trait;\n  |     ^^^^^^^^^^^ use of unresolved module or unlinked crate `async_trait`\n  |\n  = help: if you wanted to use a crate named `async_trait`, use `cargo add async_trait` to add it to your `Cargo.toml`\n\nerror[E0425]: cannot find type `Config` in this scope\n  --> src/watchers/mod.rs:31:31\n   |\n31 |     pub async fn new(config: &Config, db: PgPool) -> Result<Self> {\n   |                               ^^^^^^ not found in this scope\n   |\nhelp: consider importing one of these structs\n   |\n 1 + use crate::Config;\n   |\n 1 + use config::Config;\n   |\n\nwarning: unused import: `sqlx::Row`\n --> src/db/mod.rs:3:5\n  |\n3 | use sqlx::Row;\n  |     ^^^^^^^^^\n  |\n  = note: `#[warn(unused_imports)]` (part of `#[warn(unused)]`) on by default\n\nwarning: unused import: `eyre`\n --> src/watchers/evm.rs:5:12\n  |\n5 | use eyre::{eyre, Result, WrapErr};\n  |            ^^^^\n\nwarning: unused imports: `error`, `info`, and `warn`\n --> src/watchers/evm.rs:9:15\n  |\n9 | use tracing::{info, warn, error};\n  |               ^^^^  ^^^^  ^^^^^\n\nwarning: unused imports: `error`, `info`, and `warn`\n --> src/watchers/terra.rs:9:15\n  |\n9 | use tracing::{info, warn, error};\n  |               ^^^^  ^^^^  ^^^^^\n\nwarning: unused imports: `error` and `info`\n --> src/writers/mod.rs:5:15\n  |\n5 | use tracing::{error, info};\n  |               ^^^^^  ^^^^\n\nerror[E0599]: no method named `wrap_err` found for opaque type `impl Future<Output = Result<Pool<Postgres>, sqlx::Error>>` in the current scope\n  --> src/db/mod.rs:14:10\n   |\n11 | /     PgPoolOptions::new()\n12 | |         .max_connections(10)\n13 | |         .connect(database_url)\n14 | |         .wrap_err(\"Failed to connect to database\")\n   | |_________-^^^^^^^^\n   |\nhelp: there is a method `map_err` with a similar name\n   |\n14 -         .wrap_err(\"Failed to connect to database\")\n14 +         .map_err(\"Failed to connect to database\")\n   |\n\nerror[E0282]: type annotations needed\n  --> src/db/mod.rs:19:5\n   |\n19 | /     sqlx::query!(\n20 | |         r#\"\n21 | |         CREATE TABLE IF NOT EXISTS evm_deposits (\n22 | |             id BIGSERIAL PRIMARY KEY,\n...  |\n40 | |     .execute(pool)\n41 | |     .await\n   | |__________^ cannot infer type\n\nerror[E0282]: type annotations needed\n  --> src/db/mod.rs:44:5\n   |\n44 | /     sqlx::query!(\n45 | |         r#\"\n46 | |         CREATE TABLE IF NOT EXISTS terra_deposits (\n47 | |             id BIGSERIAL PRIMARY KEY,\n...  |\n62 | |     .execute(pool)\n63 | |     .await\n   | |__________^ cannot infer type\n\nerror[E0282]: type annotations needed\n  --> src/db/mod.rs:66:5\n   |\n66 | /     sqlx::query!(\n67 | |         r#\"\n68 | |         CREATE TABLE IF NOT EXISTS approvals (\n69 | |             id BIGSERIAL PRIMARY KEY,\n...  |\n90 | |     .execute(pool)\n91 | |     .await\n   | |__________^ cannot infer type\n\nerror[E0282]: type annotations needed\n   --> src/db/mod.rs:94:5\n    |\n 94 | /     sqlx::query!(\n 95 | |         r#\"\n 96 | |         CREATE TABLE IF NOT EXISTS releases (\n 97 | |             id BIGSERIAL PRIMARY KEY,\n...   |\n115 | |     .execute(pool)\n116 | |     .await\n    | |__________^ cannot infer type\n\nerror[E0282]: type annotations needed\n   --> src/db/mod.rs:119:5\n    |\n119 | /     sqlx::query!(\n120 | |         r#\"\n121 | |         CREATE TABLE IF NOT EXISTS evm_blocks (\n122 | |             chain_id BIGINT PRIMARY KEY,\n...   |\n128 | |     .execute(pool)\n129 | |     .await\n    | |__________^ cannot infer type\n\nerror[E0282]: type annotations needed\n   --> src/db/mod.rs:132:5\n    |\n132 | /     sqlx::query!(\n133 | |         r#\"\n134 | |         CREATE TABLE IF NOT EXISTS terra_blocks (\n135 | |             chain_id VARCHAR(128) PRIMARY KEY,\n...   |\n141 | |     .execute(pool)\n142 | |     .await\n    | |__________^ cannot infer type\n\nerror[E0282]: type annotations needed\n   --> src/db/mod.rs:150:18\n    |\n150 |       let result = sqlx::query!(\n    |  __________________^\n151 | |         r#\"\n152 | |         INSERT INTO evm_deposits (chain_id, tx_hash, log_index, nonce, dest_chain_key, \n153 | |             dest_token_address, dest_account, token, amount, block_number, block_hash)\n...   |\n169 | |     .fetch_one(pool)\n170 | |     .await\n    | |__________^ cannot infer type\n\nerror[E0282]: type annotations needed\n   --> src/db/mod.rs:178:5\n    |\n178 | /     sqlx::query_as!(\n179 | |         EvmDeposit,\n180 | |         r#\"SELECT * FROM evm_deposits WHERE status = 'pending'\"#\n...   |\n183 | |     .await\n    | |__________^ cannot infer type\n\nerror[E0282]: type annotations needed\n   --> src/db/mod.rs:193:5\n    |\n193 | /     sqlx::query!(\n194 | |         r#\"\n195 | |         UPDATE evm_deposits SET status = $1 WHERE id = $2\n196 | |         \"#,\n...   |\n200 | |     .execute(pool)\n201 | |     .await\n    | |__________^ cannot infer type\n\nerror[E0282]: type annotations needed\n   --> src/db/mod.rs:214:18\n    |\n214 |       let result = sqlx::query!(\n    |  __________________^\n215 | |         r#\"\n216 | |         SELECT EXISTS(SELECT 1 FROM evm_deposits WHERE chain_id = $1 AND tx_hash = $2 AND log_index = $3)\n217 | |         \"#,\n...   |\n222 | |     .fetch_one(pool)\n223 | |     .await\n    | |__________^ cannot infer type\n\nerror[E0282]: type annotations needed\n   --> src/db/mod.rs:231:18\n    |\n231 |       let result = sqlx::query!(\n    |  __________________^\n232 | |         r#\"\n233 | |         INSERT INTO terra_deposits (tx_hash, nonce, sender, recipient, token, amount, dest_chain_id, block_height)\n234 | |         VALUES ($1, $2, $3, $4, $5, $6, $7, $8)\n...   |\n246 | |     .fetch_one(pool)\n247 | |     .await\n    | |__________^ cannot infer type\n\nerror[E0282]: type annotations needed\n   --> src/db/mod.rs:255:5\n    |\n255 | /     sqlx::query_as!(\n256 | |         TerraDeposit,\n257 | |         r#\"SELECT * FROM terra_deposits WHERE status = 'pending'\"#\n...   |\n260 | |     .await\n    | |__________^ cannot infer type\n\nerror[E0282]: type annotations needed\n   --> src/db/mod.rs:270:5\n    |\n270 | /     sqlx::query!(\n271 | |         r#\"\n272 | |         UPDATE terra_deposits SET status = $1 WHERE id = $2\n273 | |         \"#,\n...   |\n277 | |     .execute(pool)\n278 | |     .await\n    | |__________^ cannot infer type\n\nerror[E0282]: type annotations needed\n   --> src/db/mod.rs:290:18\n    |\n290 |       let result = sqlx::query!(\n    |  __________________^\n291 | |         r#\"\n292 | |         SELECT EXISTS(SELECT 1 FROM terra_deposits WHERE tx_hash = $1 AND nonce = $2)\n293 | |         \"#,\n...   |\n297 | |     .fetch_one(pool)\n298 | |     .await\n    | |__________^ cannot infer type\n\nerror[E0282]: type annotations needed\n   --> src/db/mod.rs:306:18\n    |\n306 |       let result = sqlx::query!(\n    |  __________________^\n307 | |         r#\"\n308 | |         INSERT INTO approvals (src_chain_key, nonce, dest_chain_id, withdraw_hash, token, recipient, \n309 | |             amount, fee, fee_recipient, deduct_from_amount)\n...   |\n324 | |     .fetch_one(pool)\n325 | |     .await\n    | |__________^ cannot infer type\n\nerror[E0282]: type annotations needed\n   --> src/db/mod.rs:333:5\n    |\n333 | /     sqlx::query_as!(\n334 | |         Approval,\n335 | |         r#\"\n336 | |         SELECT * FROM approvals WHERE status = 'pending' AND dest_chain_id = $1\n...   |\n340 | |     .fetch_all(pool)\n341 | |     .await\n    | |__________^ cannot infer type\n\nerror[E0282]: type annotations needed\n   --> src/db/mod.rs:351:5\n    |\n351 | /     sqlx::query!(\n352 | |         r#\"\n353 | |         UPDATE approvals SET status = 'submitted', tx_hash = $1, attempts = attempts + 1, last_attempt_at = NOW()\n354 | |         WHERE id = $2\n...   |\n359 | |     .execute(pool)\n360 | |     .await\n    | |__________^ cannot infer type\n\nerror[E0282]: type annotations needed\n   --> src/db/mod.rs:368:5\n    |\n368 | /     sqlx::query!(\n369 | |         r#\"\n370 | |         UPDATE approvals SET status = 'confirmed' WHERE id = $1\n371 | |         \"#,\n...   |\n374 | |     .execute(pool)\n375 | |     .await\n    | |__________^ cannot infer type\n\nerror[E0282]: type annotations needed\n   --> src/db/mod.rs:387:5\n    |\n387 | /     sqlx::query!(\n388 | |         r#\"\n389 | |         UPDATE approvals SET status = 'failed', error_message = $1, attempts = attempts + 1, last_attempt_at = NOW()\n390 | |         WHERE id = $2\n...   |\n395 | |     .execute(pool)\n396 | |     .await\n    | |__________^ cannot infer type\n\nerror[E0282]: type annotations needed\n   --> src/db/mod.rs:409:18\n    |\n409 |       let result = sqlx::query!(\n    |  __________________^\n410 | |         r#\"\n411 | |         SELECT EXISTS(SELECT 1 FROM approvals WHERE src_chain_key = $1 AND nonce = $2 AND dest_chain_id = $3)\n412 | |         \"#,\n...   |\n417 | |     .fetch_one(pool)\n418 | |     .await\n    | |__________^ cannot infer type\n\nerror[E0282]: type annotations needed\n   --> src/db/mod.rs:426:18\n    |\n426 |       let result = sqlx::query!(\n    |  __________________^\n427 | |         r#\"\n428 | |         INSERT INTO releases (src_chain_key, nonce, sender, recipient, token, amount, source_chain_id)\n429 | |         VALUES ($1, $2, $3, $4, $5, $6, $7)\n...   |\n440 | |     .fetch_one(pool)\n441 | |     .await\n    | |__________^ cannot infer type\n\nerror[E0282]: type annotations needed\n   --> src/db/mod.rs:449:5\n    |\n449 | /     sqlx::query_as!(\n450 | |         Release,\n451 | |         r#\"SELECT * FROM releases WHERE status = 'pending'\"#\n...   |\n454 | |     .await\n    | |__________^ cannot infer type\n\nerror[E0282]: type annotations needed\n   --> src/db/mod.rs:464:5\n    |\n464 | /     sqlx::query!(\n465 | |         r#\"\n466 | |         UPDATE releases SET status = 'submitted', tx_hash = $1, attempts = attempts + 1, last_attempt_at = NOW()\n467 | |         WHERE id = $2\n...   |\n472 | |     .execute(pool)\n473 | |     .await\n    | |__________^ cannot infer type\n\nerror[E0282]: type annotations needed\n   --> src/db/mod.rs:481:5\n    |\n481 | /     sqlx::query!(\n482 | |         r#\"\n483 | |         UPDATE releases SET status = 'confirmed' WHERE id = $1\n484 | |         \"#,\n...   |\n487 | |     .execute(pool)\n488 | |     .await\n    | |__________^ cannot infer type\n\nerror[E0282]: type annotations needed\n   --> src/db/mod.rs:500:5\n    |\n500 | /     sqlx::query!(\n501 | |         r#\"\n502 | |         UPDATE releases SET status = 'failed', error_message = $1, attempts = attempts + 1, last_attempt_at = NOW()\n503 | |         WHERE id = $2\n...   |\n508 | |     .execute(pool)\n509 | |     .await\n    | |__________^ cannot infer type\n\nerror[E0282]: type annotations needed\n   --> src/db/mod.rs:521:18\n    |\n521 |       let result = sqlx::query!(\n    |  __________________^\n522 | |         r#\"\n523 | |         SELECT EXISTS(SELECT 1 FROM releases WHERE src_chain_key = $1 AND nonce = $2)\n524 | |         \"#,\n...   |\n528 | |     .fetch_one(pool)\n529 | |     .await\n    | |__________^ cannot infer type\n\nerror[E0282]: type annotations needed\n   --> src/db/mod.rs:537:18\n    |\n537 |       let result = sqlx::query!(\n    |  __________________^\n538 | |         r#\"\n539 | |         SELECT last_processed_block FROM evm_blocks WHERE chain_id = $1\n540 | |         \"#,\n...   |\n543 | |     .fetch_optional(pool)\n544 | |     .await\n    | |__________^ cannot infer type\n\nerror[E0282]: type annotations needed\n   --> src/db/mod.rs:556:5\n    |\n556 | /     sqlx::query!(\n557 | |         r#\"\n558 | |         INSERT INTO evm_blocks (chain_id, last_processed_block)\n559 | |         VALUES ($1, $2)\n...   |\n565 | |     .execute(pool)\n566 | |     .await\n    | |__________^ cannot infer type\n\nerror[E0282]: type annotations needed\n   --> src/db/mod.rs:574:18\n    |\n574 |       let result = sqlx::query!(\n    |  __________________^\n575 | |         r#\"\n576 | |         SELECT last_processed_height FROM terra_blocks WHERE chain_id = $1\n577 | |         \"#,\n...   |\n580 | |     .fetch_optional(pool)\n581 | |     .await\n    | |__________^ cannot infer type\n\nerror[E0282]: type annotations needed\n   --> src/db/mod.rs:593:5\n    |\n593 | /     sqlx::query!(\n594 | |         r#\"\n595 | |         INSERT INTO terra_blocks (chain_id, last_processed_height)\n596 | |         VALUES ($1, $2)\n...   |\n602 | |     .execute(pool)\n603 | |     .await\n    | |__________^ cannot infer type\n\nerror[E0599]: no method named `wrap_err` found for struct `WsConnect` in the current scope\n  --> src/watchers/evm.rs:29:22\n   |\n28 | /                 alloy::transports::ws::WsConnect::new(&config.rpc_url)\n29 | |                     .wrap_err(\"Failed to connect to WebSocket\")?,\n   | |                     -^^^^^^^^ method not found in `WsConnect`\n   | |_____________________|\n   |\n\nerror[E0599]: no method named `on_demand` found for opaque type `impl Future<Output = Result<..., ...>>` in the current scope\n  --> src/watchers/evm.rs:31:14\n   |\n26 |           let provider = ProviderBuilder::new()\n   |  ________________________-\n27 | |             .on_ws(\n28 | |                 alloy::transports::ws::WsConnect::new(&config.rpc_url)\n29 | |                     .wrap_err(\"Failed to connect to WebSocket\")?,\n30 | |             )\n31 | |             .on_demand()\n   | |             -^^^^^^^^^ method not found in `impl Future<Output = Result<..., ...>>`\n   | |_____________|\n   |\n   |\n   = note: the full name for the type has been written to '/home/answorld/repos/cl8y-bridge-monorepo/packages/relayer/target/debug/deps/cl8y_relayer-34b4f7e00f864a1c.long-type-1625581723647080286.txt'\n   = note: consider using `--verbose` to print the full type name to the console\n\nerror[E0282]: type annotations needed\n  --> src/watchers/evm.rs:26:24\n   |\n26 |           let provider = ProviderBuilder::new()\n   |  ________________________^\n27 | |             .on_ws(\n28 | |                 alloy::transports::ws::WsConnect::new(&config.rpc_url)\n29 | |                     .wrap_err(\"Failed to connect to WebSocket\")?,\n...  |\n32 | |             .block()\n33 | |             .await\n   | |__________________^ cannot infer type\n\nerror[E0277]: the trait bound `ChainKey: std::default::Default` is not satisfied\n   --> src/watchers/evm.rs:144:30\n    |\n144 | ...                   .unwrap_or_default()\n    |                        ^^^^^^^^^^^^^^^^^ the trait `std::default::Default` is not implemented for `ChainKey`\n    |\nnote: required by a bound in `Result::<T, E>::unwrap_or_default`\n   --> /rustc/254b59607d4417e9dffbc307138ae5c86280fe4c/library/core/src/result.rs:1265:5\nhelp: consider annotating `ChainKey` with `#[derive(Default)]`\n   --> src/types.rs:8:1\n    |\n  8 + #[derive(Default)]\n  9 | pub struct ChainKey(pub [u8; 32]);\n    |\n\nerror[E0599]: no method named `as_u64` found for type `u64` in the current scope\n   --> src/watchers/evm.rs:219:30\n    |\n219 |         let finality = block.as_u64().saturating_sub(self.finality_blocks);\n    |                              ^^^^^^\n    |\nhelp: there is a method `to_u64` with a similar name\n    |\n219 -         let finality = block.as_u64().saturating_sub(self.finality_blocks);\n219 +         let finality = block.to_u64().saturating_sub(self.finality_blocks);\n    |\n\nerror[E0271]: type mismatch resolving `<&String as TryInto<HttpClientUrl>>::Error == Error`\n   --> src/watchers/terra.rs:52:42\n    |\n 52 |         let rpc_client = HttpClient::new(&config.rpc_url)\n    |                          --------------- ^^^^^^^^^^^^^^^ expected `Error`, found `Infallible`\n    |                          |\n    |                          required by a bound introduced by this call\n    |\nnote: required by a bound in `HttpClient::new`\n   --> /tmp/cursor-sandbox-cache/8c84f9658294c64e8a0728438db7139e/cargo/registry/src/index.crates.io-1949cf8c6b5b557f/tendermint-rpc-0.35.0/src/client/transport/http.rs:125:35\n    |\n123 |     pub fn new<U>(url: U) -> Result<Self, Error>\n    |            --- required by a bound in this associated function\n124 |     where\n125 |         U: TryInto<HttpClientUrl, Error = Error>,\n    |                                   ^^^^^^^^^^^^^ required by this bound in `HttpClient::new`\n\nerror[E0277]: the trait bound `HttpClientUrl: From<&std::string::String>` is not satisfied\n   --> src/watchers/terra.rs:52:42\n    |\n 52 |         let rpc_client = HttpClient::new(&config.rpc_url)\n    |                          --------------- ^^^^^^^^^^^^^^^ the trait `From<&std::string::String>` is not implemented for `HttpClientUrl`\n    |                          |\n    |                          required by a bound introduced by this call\n    |\n    = note: required for `&std::string::String` to implement `Into<HttpClientUrl>`\n    = note: required for `HttpClientUrl` to implement `TryFrom<&std::string::String>`\n    = note: required for `&std::string::String` to implement `TryInto<HttpClientUrl>`\nnote: required by a bound in `HttpClient::new`\n   --> /tmp/cursor-sandbox-cache/8c84f9658294c64e8a0728438db7139e/cargo/registry/src/index.crates.io-1949cf8c6b5b557f/tendermint-rpc-0.35.0/src/client/transport/http.rs:125:12\n    |\n123 |     pub fn new<U>(url: U) -> Result<Self, Error>\n    |            --- required by a bound in this associated function\n124 |     where\n125 |         U: TryInto<HttpClientUrl, Error = Error>,\n    |            ^^^^^^^^^^^^^^^^^^^^^^^^^^^^^^^^^^^^^ required by this bound in `HttpClient::new`\nhelp: consider dereferencing here\n    |\n 52 |         let rpc_client = HttpClient::new(&*config.rpc_url)\n    |                                           +\n\nerror[E0282]: type annotations needed\n   --> src/watchers/terra.rs:119:42\n    |\n119 |           let response: TxSearchResponse = reqwest::get(&url)\n    |  __________________________________________^\n120 | |             .await\n    | |__________________^ cannot infer type\n\nerror[E0282]: type annotations needed\n   --> src/watchers/terra.rs:119:42\n    |\n119 |           let response: TxSearchResponse = reqwest::get(&url)\n    |  __________________________________________^\n120 | |             .await\n121 | |             .wrap_err(\"Failed to query transactions\")?\n122 | |             .json()\n123 | |             .await\n    | |__________________^ cannot infer type\n\nerror[E0599]: no method named `node_info` found for struct `HttpClient` in the current scope\n   --> src/watchers/terra.rs:206:14\n    |\n204 |           let node_info = self\n    |  _________________________-\n205 | |             .rpc_client\n206 | |             .node_info()\n    | |_____________-^^^^^^^^^\n    |\nhelp: there is a method `net_info` with a similar name\n    |\n206 -             .node_info()\n206 +             .net_info()\n    |\n\nerror[E0282]: type annotations needed\n   --> src/watchers/terra.rs:204:25\n    |\n204 |           let node_info = self\n    |  _________________________^\n205 | |             .rpc_client\n206 | |             .node_info()\n207 | |             .await\n    | |__________________^ cannot infer type\n\nerror[E0308]: mismatched types\n   --> src/config.rs:172:9\n    |\n102 |     fn load_from_env() -> Result<Self> {\n    |                           ------------ expected `Result<Config, ErrReport>` because of return type\n...\n172 |         config.validate()\n    |         ^^^^^^^^^^^^^^^^^ expected `Result<Config, Report>`, found `Result<(), Report>`\n    |\n    = note: expected enum `Result<Config, _>`\n               found enum `Result<(), _>`\n\nerror[E0433]: failed to resolve: use of unresolved module or unlinked crate `alloy_primitives`\n  --> src/types.rs:15:20\n   |\n15 |         let hash = alloy_primitives::keccak256(&input);\n   |                    ^^^^^^^^^^^^^^^^ use of unresolved module or unlinked crate `alloy_primitives`\n   |\n   = help: if you wanted to use a crate named `alloy_primitives`, use `cargo add alloy_primitives` to add it to your `Cargo.toml`\n\nerror[E0433]: failed to resolve: use of unresolved module or unlinked crate `alloy_primitives`\n  --> src/types.rs:25:20\n   |\n25 |         let hash = alloy_primitives::keccak256(&input);\n   |                    ^^^^^^^^^^^^^^^^ use of unresolved module or unlinked crate `alloy_primitives`\n   |\n   = help: if you wanted to use a crate named `alloy_primitives`, use `cargo add alloy_primitives` to add it to your `Cargo.toml`\n\nerror[E0433]: failed to resolve: use of unresolved module or unlinked crate `alloy_primitives`\n   --> src/types.rs:162:20\n    |\n162 |         let hash = alloy_primitives::keccak256(&input);\n    |                    ^^^^^^^^^^^^^^^^ use of unresolved module or unlinked crate `alloy_primitives`\n    |\n    = help: if you wanted to use a crate named `alloy_primitives`, use `cargo add alloy_primitives` to add it to your `Cargo.toml`\n\nerror[E0433]: failed to resolve: use of unresolved module or unlinked crate `color_eyre`\n  --> src/main.rs:14:5\n   |\n14 |     color_eyre::install()?;\n   |     ^^^^^^^^^^ use of unresolved module or unlinked crate `color_eyre`\n   |\n   = help: if you wanted to use a crate named `color_eyre`, use `cargo add color_eyre` to add it to your `Cargo.toml`\n\nSome errors have detailed explanations: E0271, E0277, E0282, E0308, E0425, E0432, E0433, E0583, E0599.\nFor more information about an error, try `rustc --explain E0271`.\nwarning: `cl8y-relayer` (bin \"cl8y-relayer\") generated 5 warnings\nerror: could not compile `cl8y-relayer` (bin \"cl8y-relayer\") due to 82 previous errors; 5 warnings emitted\n"
  },
  {
    "id": "relayer_012_writers_evm_full",
    "status": "fail",
    "created_at": "2026-01-28T08:03:41.790783624Z",
    "updated_at": "2026-01-28T08:08:04.454567079Z",
    "error": "SYSTEM PROMPT ERROR: Model stuck in thinking loop for 120s (6964 thinking tokens, 0 output). Adjust system prompt to prevent over-analysis."
  },
  {
    "id": "relayer_013_writers_terra_full",
    "status": "created",
    "created_at": "2026-01-28T08:03:41.790786129Z",
    "updated_at": "2026-01-28T08:03:41.790786129Z"
  },
  {
    "id": "sprint3_001_integration_tests",
    "status": "pass",
    "created_at": "2026-01-28T09:17:11.768992420Z",
    "updated_at": "2026-01-28T09:18:48.962761739Z"
  }
]